0 info it worked if it ends with ok
1 verbose cli [ 'C:\\Program Files (x86)\\Nodist\\v\\nodev5.3.0\\node.exe',
1 verbose cli   'C:\\Program Files (x86)\\Nodist\\bin\\node_modules\\npm\\bin\\npm-cli.js',
1 verbose cli   'start' ]
2 info using npm@3.5.2
3 info using node@v5.3.0
4 verbose run-script [ 'prestart', 'start', 'poststart' ]
5 info lifecycle restful-jwt-demo@0.0.0~prestart: restful-jwt-demo@0.0.0
6 silly lifecycle restful-jwt-demo@0.0.0~prestart: no script for prestart, continuing
7 info lifecycle restful-jwt-demo@0.0.0~start: restful-jwt-demo@0.0.0
8 verbose lifecycle restful-jwt-demo@0.0.0~start: unsafe-perm in lifecycle true
9 verbose lifecycle restful-jwt-demo@0.0.0~start: PATH: C:\Program Files (x86)\Nodist\bin\node_modules\npm\bin\node-gyp-bin;D:\github\cxc-study\restful-jwt-demo\node_modules\.bin;C:\Windows\system32;C:\Windows;C:\Windows\System32\Wbem;C:\Windows\System32\WindowsPowerShell\v1.0\;C:\Program Files\Intel\WiFi\bin\;C:\Program Files\Common Files\Intel\WirelessCommon\;D:\mongodb\bin;C:\Program Files (x86)\Nodist\bin;C:\Program Files (x86)\Cesoft\Excel Server 2013 Client;C:\Program Files\TortoiseSVN\bin;C:\Program Files\Intel\WiFi\bin\;C:\Program Files\Common Files\Intel\WirelessCommon\;C:\Program Files (x86)\Nodist\bin
10 verbose lifecycle restful-jwt-demo@0.0.0~start: CWD: D:\github\cxc-study\restful-jwt-demo
11 silly lifecycle restful-jwt-demo@0.0.0~start: Args: [ '/d /s /c', 'node ./bin/www' ]
12 silly lifecycle restful-jwt-demo@0.0.0~start: Returned: code: 1  signal: null
13 info lifecycle restful-jwt-demo@0.0.0~start: Failed to exec start script
14 verbose stack Error: restful-jwt-demo@0.0.0 start: `node ./bin/www`
14 verbose stack Exit status 1
14 verbose stack     at EventEmitter.<anonymous> (C:\Program Files (x86)\Nodist\bin\node_modules\npm\lib\utils\lifecycle.js:232:16)
14 verbose stack     at emitTwo (events.js:87:13)
14 verbose stack     at EventEmitter.emit (events.js:172:7)
14 verbose stack     at ChildProcess.<anonymous> (C:\Program Files (x86)\Nodist\bin\node_modules\npm\lib\utils\spawn.js:24:14)
14 verbose stack     at emitTwo (events.js:87:13)
14 verbose stack     at ChildProcess.emit (events.js:172:7)
14 verbose stack     at maybeClose (internal/child_process.js:818:16)
14 verbose stack     at Process.ChildProcess._handle.onexit (internal/child_process.js:211:5)
15 verbose pkgid restful-jwt-demo@0.0.0
16 verbose cwd D:\github\cxc-study\restful-jwt-demo
17 error Windows_NT 6.1.7601
18 error argv "C:\\Program Files (x86)\\Nodist\\v\\nodev5.3.0\\node.exe" "C:\\Program Files (x86)\\Nodist\\bin\\node_modules\\npm\\bin\\npm-cli.js" "start"
19 error node v5.3.0
20 error npm  v3.5.2
21 error code ELIFECYCLE
22 error restful-jwt-demo@0.0.0 start: `node ./bin/www`
22 error Exit status 1
23 error Failed at the restful-jwt-demo@0.0.0 start script 'node ./bin/www'.
23 error Make sure you have the latest version of node.js and npm installed.
23 error If you do, this is most likely a problem with the restful-jwt-demo package,
23 error not with npm itself.
23 error Tell the author that this fails on your system:
23 error     node ./bin/www
23 error You can get information on how to open an issue for this project with:
23 error     npm bugs restful-jwt-demo
23 error Or if that isn't available, you can get their info via:
23 error     npm owner ls restful-jwt-demo
23 error There is likely additional logging output above.
24 verbose exit [ 1, true ]
