[2017-03-20 15:51:00.328] [INFO] startup - Listening on port 3000
[2017-03-20 16:00:26.233] [INFO] startup - Listening on port 3000
[2017-03-20 16:00:30.747] [WARN] http - ::1 - - "GET /users HTTP/1.1" 304 - "" "Mozilla/5.0 (Macintosh; Intel Mac OS X 10_9_5) AppleWebKit/537.36 (KHTML, like Gecko) Chrome/57.0.2987.98 Safari/537.36"
[2017-03-20 16:00:33.177] [WARN] http - ::1 - - "GET / HTTP/1.1" 304 - "" "Mozilla/5.0 (Macintosh; Intel Mac OS X 10_9_5) AppleWebKit/537.36 (KHTML, like Gecko) Chrome/57.0.2987.98 Safari/537.36"
[2017-03-20 16:00:33.188] [WARN] http - ::1 - - "GET /stylesheets/style.css HTTP/1.1" 304 - "http://localhost:3000/" "Mozilla/5.0 (Macintosh; Intel Mac OS X 10_9_5) AppleWebKit/537.36 (KHTML, like Gecko) Chrome/57.0.2987.98 Safari/537.36"
[2017-03-20 16:00:39.348] [ERROR] http - ::1 - - "GET /22 HTTP/1.1" 404 1505 "" "Mozilla/5.0 (Macintosh; Intel Mac OS X 10_9_5) AppleWebKit/537.36 (KHTML, like Gecko) Chrome/57.0.2987.98 Safari/537.36"
[2017-03-20 16:00:39.357] [WARN] http - ::1 - - "GET /stylesheets/style.css HTTP/1.1" 304 - "http://localhost:3000/22" "Mozilla/5.0 (Macintosh; Intel Mac OS X 10_9_5) AppleWebKit/537.36 (KHTML, like Gecko) Chrome/57.0.2987.98 Safari/537.36"
[2017-03-20 16:04:19.785] [INFO] startup - Listening on port 3000
[2017-03-20 16:04:23.004] [ERROR] http - ::1 - - "GET /22 HTTP/1.1" 404 1505 "" "Mozilla/5.0 (Macintosh; Intel Mac OS X 10_9_5) AppleWebKit/537.36 (KHTML, like Gecko) Chrome/57.0.2987.98 Safari/537.36"
[2017-03-20 16:04:23.014] [WARN] http - ::1 - - "GET /stylesheets/style.css HTTP/1.1" 304 - "http://localhost:3000/22" "Mozilla/5.0 (Macintosh; Intel Mac OS X 10_9_5) AppleWebKit/537.36 (KHTML, like Gecko) Chrome/57.0.2987.98 Safari/537.36"
[2017-03-20 16:04:32.768] [DEBUG] Routerusers - indexGET
[2017-03-20 16:04:32.769] [WARN] http - ::1 - - "GET /users HTTP/1.1" 304 - "" "Mozilla/5.0 (Macintosh; Intel Mac OS X 10_9_5) AppleWebKit/537.36 (KHTML, like Gecko) Chrome/57.0.2987.98 Safari/537.36"
[2017-03-20 16:04:39.001] [DEBUG] Routerindex - route index
[2017-03-20 16:04:39.024] [WARN] http - ::1 - - "GET / HTTP/1.1" 304 - "" "Mozilla/5.0 (Macintosh; Intel Mac OS X 10_9_5) AppleWebKit/537.36 (KHTML, like Gecko) Chrome/57.0.2987.98 Safari/537.36"
[2017-03-20 16:04:39.037] [WARN] http - ::1 - - "GET /stylesheets/style.css HTTP/1.1" 304 - "http://localhost:3000/" "Mozilla/5.0 (Macintosh; Intel Mac OS X 10_9_5) AppleWebKit/537.36 (KHTML, like Gecko) Chrome/57.0.2987.98 Safari/537.36"
[2017-03-20 16:07:58.848] [INFO] startup - Listening on port 3000
[2017-03-20 16:08:04.520] [DEBUG] Routerindex - route index
[2017-03-20 16:08:04.521] [INFO] Routerindex - route index
[2017-03-20 16:08:04.796] [WARN] http - ::1 - - "GET / HTTP/1.1" 304 - "" "Mozilla/5.0 (Macintosh; Intel Mac OS X 10_9_5) AppleWebKit/537.36 (KHTML, like Gecko) Chrome/57.0.2987.98 Safari/537.36"
[2017-03-20 16:08:04.811] [WARN] http - ::1 - - "GET /stylesheets/style.css HTTP/1.1" 304 - "http://localhost:3000/" "Mozilla/5.0 (Macintosh; Intel Mac OS X 10_9_5) AppleWebKit/537.36 (KHTML, like Gecko) Chrome/57.0.2987.98 Safari/537.36"
[2017-03-20 16:08:14.073] [DEBUG] Routerusers - indexGET
[2017-03-20 16:08:14.075] [WARN] http - ::1 - - "GET /users HTTP/1.1" 304 - "" "Mozilla/5.0 (Macintosh; Intel Mac OS X 10_9_5) AppleWebKit/537.36 (KHTML, like Gecko) Chrome/57.0.2987.98 Safari/537.36"
